[17:23:43] [main/INFO]: Setting user: Player93
[17:23:44] [Client thread/INFO]: LWJGL Version: 2.9.0
[17:23:48] [Client thread/INFO]: Reloading ResourceManager: Default, FMLFileResourcePack:Forge Mod Loader, FMLFileResourcePack:Minecraft Forge, FMLFileResourcePack:hagozcraft
[17:23:50] [Sound Library Loader/INFO]: Sound engine started
[17:23:50] [Client thread/ERROR]: Using missing texture, unable to load hagozcraft:textures/blocks/glassStairs.png
java.io.FileNotFoundException: hagozcraft:textures/blocks/glassStairs.png
	at net.minecraft.client.resources.FallbackResourceManager.getResource(FallbackResourceManager.java:65) ~[FallbackResourceManager.class:?]
	at net.minecraft.client.resources.SimpleReloadableResourceManager.getResource(SimpleReloadableResourceManager.java:67) ~[SimpleReloadableResourceManager.class:?]
	at net.minecraft.client.renderer.texture.TextureMap.loadTextureAtlas(TextureMap.java:126) [TextureMap.class:?]
	at net.minecraft.client.renderer.texture.TextureMap.loadTexture(TextureMap.java:91) [TextureMap.class:?]
	at net.minecraft.client.renderer.texture.TextureManager.loadTexture(TextureManager.java:89) [TextureManager.class:?]
	at net.minecraft.client.renderer.texture.TextureManager.loadTickableTexture(TextureManager.java:71) [TextureManager.class:?]
	at net.minecraft.client.renderer.texture.TextureManager.loadTextureMap(TextureManager.java:58) [TextureManager.class:?]
	at net.minecraft.client.Minecraft.startGame(Minecraft.java:579) [Minecraft.class:?]
	at net.minecraft.client.Minecraft.run(Minecraft.java:890) [Minecraft.class:?]
	at net.minecraft.client.main.Main.main(Main.java:112) [Main.class:?]
	at sun.reflect.NativeMethodAccessorImpl.invoke0(Native Method) ~[?:1.7.0_55]
	at sun.reflect.NativeMethodAccessorImpl.invoke(Unknown Source) ~[?:1.7.0_55]
	at sun.reflect.DelegatingMethodAccessorImpl.invoke(Unknown Source) ~[?:1.7.0_55]
	at java.lang.reflect.Method.invoke(Unknown Source) ~[?:1.7.0_55]
	at net.minecraft.launchwrapper.Launch.launch(Launch.java:134) [launchwrapper-1.9.jar:?]
	at net.minecraft.launchwrapper.Launch.main(Launch.java:28) [launchwrapper-1.9.jar:?]
[17:23:50] [Client thread/INFO]: Created: 1024x512 textures/blocks-atlas
[17:23:51] [Client thread/INFO]: Created: 512x256 textures/items-atlas
[17:23:51] [Client thread/INFO]: Reloading ResourceManager: Default, FMLFileResourcePack:Forge Mod Loader, FMLFileResourcePack:Minecraft Forge, FMLFileResourcePack:hagozcraft
[17:23:51] [Client thread/INFO]: Created: 512x256 textures/items-atlas
[17:23:51] [Client thread/ERROR]: Using missing texture, unable to load hagozcraft:textures/blocks/glassStairs.png
java.io.FileNotFoundException: hagozcraft:textures/blocks/glassStairs.png
	at net.minecraft.client.resources.FallbackResourceManager.getResource(FallbackResourceManager.java:65) ~[FallbackResourceManager.class:?]
	at net.minecraft.client.resources.SimpleReloadableResourceManager.getResource(SimpleReloadableResourceManager.java:67) ~[SimpleReloadableResourceManager.class:?]
	at net.minecraft.client.renderer.texture.TextureMap.loadTextureAtlas(TextureMap.java:126) [TextureMap.class:?]
	at net.minecraft.client.renderer.texture.TextureMap.loadTexture(TextureMap.java:91) [TextureMap.class:?]
	at net.minecraft.client.renderer.texture.TextureManager.loadTexture(TextureManager.java:89) [TextureManager.class:?]
	at net.minecraft.client.renderer.texture.TextureManager.onResourceManagerReload(TextureManager.java:170) [TextureManager.class:?]
	at net.minecraft.client.resources.SimpleReloadableResourceManager.notifyReloadListeners(SimpleReloadableResourceManager.java:134) [SimpleReloadableResourceManager.class:?]
	at net.minecraft.client.resources.SimpleReloadableResourceManager.reloadResources(SimpleReloadableResourceManager.java:118) [SimpleReloadableResourceManager.class:?]
	at net.minecraft.client.Minecraft.refreshResources(Minecraft.java:624) [Minecraft.class:?]
	at cpw.mods.fml.client.FMLClientHandler.finishMinecraftLoading(FMLClientHandler.java:283) [FMLClientHandler.class:?]
	at net.minecraft.client.Minecraft.startGame(Minecraft.java:583) [Minecraft.class:?]
	at net.minecraft.client.Minecraft.run(Minecraft.java:890) [Minecraft.class:?]
	at net.minecraft.client.main.Main.main(Main.java:112) [Main.class:?]
	at sun.reflect.NativeMethodAccessorImpl.invoke0(Native Method) ~[?:1.7.0_55]
	at sun.reflect.NativeMethodAccessorImpl.invoke(Unknown Source) ~[?:1.7.0_55]
	at sun.reflect.DelegatingMethodAccessorImpl.invoke(Unknown Source) ~[?:1.7.0_55]
	at java.lang.reflect.Method.invoke(Unknown Source) ~[?:1.7.0_55]
	at net.minecraft.launchwrapper.Launch.launch(Launch.java:134) [launchwrapper-1.9.jar:?]
	at net.minecraft.launchwrapper.Launch.main(Launch.java:28) [launchwrapper-1.9.jar:?]
[17:23:51] [Client thread/INFO]: Created: 1024x512 textures/blocks-atlas
[17:23:52] [Sound Library Loader/INFO]: Sound engine started
[17:23:54] [MCO Availability Checker #1/ERROR]: Couldn't connect to Realms
[17:23:59] [Server thread/INFO]: Starting integrated minecraft server version 1.7.2
[17:23:59] [Server thread/INFO]: Generating keypair
[17:24:00] [Server thread/INFO]: Preparing start region for level 0
[17:24:01] [Server thread/INFO]: Preparing spawn area: 64%
[17:24:02] [Server thread/INFO]: Player93[local:E:6e8218e0] logged in with entity id 350 at (-38.30000001192093, 80.0, 227.69999998807907)
[17:24:02] [Server thread/INFO]: Player93 joined the game
[17:24:36] [Server thread/INFO]: Saving and pausing game...
[17:24:36] [Server thread/INFO]: Saving chunks for level 'New World'/Overworld
[17:24:36] [Server thread/INFO]: Saving chunks for level 'New World'/Nether
[17:24:36] [Server thread/INFO]: Saving chunks for level 'New World'/The End
[17:25:06] [Server thread/INFO]: Player93 has just earned the achievement [Taking Inventory]
[17:25:06] [Client thread/INFO]: [CHAT] Player93 has just earned the achievement [Taking Inventory]
[17:25:32] [Server thread/INFO]: Saving and pausing game...
[17:25:32] [Server thread/INFO]: Saving chunks for level 'New World'/Overworld
[17:25:32] [Server thread/INFO]: Saving chunks for level 'New World'/Nether
[17:25:32] [Server thread/INFO]: Saving chunks for level 'New World'/The End
